{"name":"Log","hostname":"lzmac","pid":53210,"level":30,"msg":"Ghost is running in development...","time":"2023-01-08T01:46:08.010Z","v":0}
{"name":"Log","hostname":"lzmac","pid":53210,"level":30,"msg":"Listening on: 127.0.0.1:5556","time":"2023-01-08T01:46:08.011Z","v":0}
{"name":"Log","hostname":"lzmac","pid":53210,"level":30,"msg":"Url configured as: http://ghost.local:5556/","time":"2023-01-08T01:46:08.011Z","v":0}
{"name":"Log","hostname":"lzmac","pid":53210,"level":30,"msg":"Ctrl+C to shut down","time":"2023-01-08T01:46:08.011Z","v":0}
{"name":"Log","hostname":"lzmac","pid":53210,"level":30,"msg":"Ghost server started in 0.277s","time":"2023-01-08T01:46:08.012Z","v":0}
{"name":"Log","hostname":"lzmac","pid":53210,"level":50,"err":{"id":500,"domain":"http://ghost.local:5556/","code":"ER_ACCESS_DENIED_ERROR","name":"DatabaseError","statusCode":500,"level":"critical","message":"Access denied for user 'ghost-988'@'172.22.0.1' (using password: YES)","help":"\"Unknown database error\"","stack":"Error: Access denied for user 'ghost-988'@'172.22.0.1' (using password: YES)\n    at /Volumes/Data/Development/sources/ghost/replit/versions/5.2.3/node_modules/knex-migrator/lib/database.js:57:19\n    at Packet.asError (/Volumes/Data/Development/sources/ghost/replit/versions/5.2.3/node_modules/mysql2/lib/packets/packet.js:728:17)\n    at ClientHandshake.execute (/Volumes/Data/Development/sources/ghost/replit/versions/5.2.3/node_modules/mysql2/lib/commands/command.js:29:26)\n    at Connection.handlePacket (/Volumes/Data/Development/sources/ghost/replit/versions/5.2.3/node_modules/mysql2/lib/connection.js:456:32)\n    at PacketParser.onPacket (/Volumes/Data/Development/sources/ghost/replit/versions/5.2.3/node_modules/mysql2/lib/connection.js:85:12)\n    at PacketParser.executeStart (/Volumes/Data/Development/sources/ghost/replit/versions/5.2.3/node_modules/mysql2/lib/packet_parser.js:75:16)\n    at Socket.<anonymous> (/Volumes/Data/Development/sources/ghost/replit/versions/5.2.3/node_modules/mysql2/lib/connection.js:92:25)\n    at Socket.emit (node:events:513:28)\n    at addChunk (node:internal/streams/readable:324:12)\n    at readableAddChunk (node:internal/streams/readable:297:9)\n    at Readable.push (node:internal/streams/readable:234:10)\n    at TCP.onStreamRead (node:internal/stream_base_commons:190:23)","hideStack":false},"msg":"Access denied for user 'ghost-988'@'172.22.0.1' (using password: YES)","time":"2023-01-08T01:46:08.152Z","v":0}
{"name":"Log","hostname":"lzmac","pid":53210,"level":40,"msg":"Ghost is shutting down","time":"2023-01-08T01:46:08.154Z","v":0}
{"name":"Log","hostname":"lzmac","pid":53210,"level":40,"msg":"Ghost has shut down","time":"2023-01-08T01:46:08.156Z","v":0}
{"name":"Log","hostname":"lzmac","pid":53210,"level":40,"msg":"Ghost was running for a few seconds","time":"2023-01-08T01:46:08.159Z","v":0}
{"name":"Log","hostname":"lzmac","pid":53439,"level":30,"msg":"Ghost is running in development...","time":"2023-01-08T01:46:49.091Z","v":0}
{"name":"Log","hostname":"lzmac","pid":53439,"level":30,"msg":"Listening on: 127.0.0.1:5556","time":"2023-01-08T01:46:49.092Z","v":0}
{"name":"Log","hostname":"lzmac","pid":53439,"level":30,"msg":"Url configured as: http://ghost.local:5556/","time":"2023-01-08T01:46:49.092Z","v":0}
{"name":"Log","hostname":"lzmac","pid":53439,"level":30,"msg":"Ctrl+C to shut down","time":"2023-01-08T01:46:49.092Z","v":0}
{"name":"Log","hostname":"lzmac","pid":53439,"level":30,"msg":"Ghost server started in 0.266s","time":"2023-01-08T01:46:49.093Z","v":0}
{"name":"Log","hostname":"lzmac","pid":53439,"level":40,"msg":"Database state requires initialisation.","time":"2023-01-08T01:46:49.229Z","v":0}
{"name":"Log","hostname":"lzmac","pid":53439,"level":30,"msg":"Creating table: newsletters","time":"2023-01-08T01:46:49.402Z","v":0}
{"name":"Log","hostname":"lzmac","pid":53439,"level":30,"msg":"Creating table: posts","time":"2023-01-08T01:46:49.430Z","v":0}
{"name":"Log","hostname":"lzmac","pid":53439,"level":30,"msg":"Creating table: posts_meta","time":"2023-01-08T01:46:49.449Z","v":0}
{"name":"Log","hostname":"lzmac","pid":53439,"level":30,"msg":"Creating table: users","time":"2023-01-08T01:46:49.470Z","v":0}
{"name":"Log","hostname":"lzmac","pid":53439,"level":30,"msg":"Creating table: posts_authors","time":"2023-01-08T01:46:49.484Z","v":0}
{"name":"Log","hostname":"lzmac","pid":53439,"level":30,"msg":"Creating table: roles","time":"2023-01-08T01:46:49.500Z","v":0}
{"name":"Log","hostname":"lzmac","pid":53439,"level":30,"msg":"Creating table: roles_users","time":"2023-01-08T01:46:49.507Z","v":0}
{"name":"Log","hostname":"lzmac","pid":53439,"level":30,"msg":"Creating table: permissions","time":"2023-01-08T01:46:49.511Z","v":0}
{"name":"Log","hostname":"lzmac","pid":53439,"level":30,"msg":"Creating table: permissions_users","time":"2023-01-08T01:46:49.517Z","v":0}
{"name":"Log","hostname":"lzmac","pid":53439,"level":30,"msg":"Creating table: permissions_roles","time":"2023-01-08T01:46:49.520Z","v":0}
{"name":"Log","hostname":"lzmac","pid":53439,"level":30,"msg":"Creating table: settings","time":"2023-01-08T01:46:49.524Z","v":0}
{"name":"Log","hostname":"lzmac","pid":53439,"level":30,"msg":"Creating table: tags","time":"2023-01-08T01:46:49.531Z","v":0}
{"name":"Log","hostname":"lzmac","pid":53439,"level":30,"msg":"Creating table: posts_tags","time":"2023-01-08T01:46:49.537Z","v":0}
{"name":"Log","hostname":"lzmac","pid":53439,"level":30,"msg":"Creating table: invites","time":"2023-01-08T01:46:49.554Z","v":0}
{"name":"Log","hostname":"lzmac","pid":53439,"level":30,"msg":"Creating table: brute","time":"2023-01-08T01:46:49.563Z","v":0}
{"name":"Log","hostname":"lzmac","pid":53439,"level":30,"msg":"Creating table: sessions","time":"2023-01-08T01:46:49.567Z","v":0}
{"name":"Log","hostname":"lzmac","pid":53439,"level":30,"msg":"Creating table: integrations","time":"2023-01-08T01:46:49.573Z","v":0}
{"name":"Log","hostname":"lzmac","pid":53439,"level":30,"msg":"Creating table: webhooks","time":"2023-01-08T01:46:49.580Z","v":0}
{"name":"Log","hostname":"lzmac","pid":53439,"level":30,"msg":"Creating table: api_keys","time":"2023-01-08T01:46:49.591Z","v":0}
{"name":"Log","hostname":"lzmac","pid":53439,"level":30,"msg":"Creating table: mobiledoc_revisions","time":"2023-01-08T01:46:49.600Z","v":0}
{"name":"Log","hostname":"lzmac","pid":53439,"level":30,"msg":"Creating table: members","time":"2023-01-08T01:46:49.607Z","v":0}
{"name":"Log","hostname":"lzmac","pid":53439,"level":30,"msg":"Creating table: products","time":"2023-01-08T01:46:49.622Z","v":0}
{"name":"Log","hostname":"lzmac","pid":53439,"level":30,"msg":"Creating table: offers","time":"2023-01-08T01:46:49.630Z","v":0}
{"name":"Log","hostname":"lzmac","pid":53439,"level":30,"msg":"Creating table: benefits","time":"2023-01-08T01:46:49.651Z","v":0}
{"name":"Log","hostname":"lzmac","pid":53439,"level":30,"msg":"Creating table: products_benefits","time":"2023-01-08T01:46:49.659Z","v":0}
{"name":"Log","hostname":"lzmac","pid":53439,"level":30,"msg":"Creating table: members_products","time":"2023-01-08T01:46:49.673Z","v":0}
{"name":"Log","hostname":"lzmac","pid":53439,"level":30,"msg":"Creating table: posts_products","time":"2023-01-08T01:46:49.689Z","v":0}
{"name":"Log","hostname":"lzmac","pid":53439,"level":30,"msg":"Creating table: members_cancel_events","time":"2023-01-08T01:46:49.705Z","v":0}
{"name":"Log","hostname":"lzmac","pid":53439,"level":30,"msg":"Creating table: members_payment_events","time":"2023-01-08T01:46:49.715Z","v":0}
{"name":"Log","hostname":"lzmac","pid":53439,"level":30,"msg":"Creating table: members_login_events","time":"2023-01-08T01:46:49.724Z","v":0}
{"name":"Log","hostname":"lzmac","pid":53439,"level":30,"msg":"Creating table: members_email_change_events","time":"2023-01-08T01:46:49.734Z","v":0}
{"name":"Log","hostname":"lzmac","pid":53439,"level":30,"msg":"Creating table: members_status_events","time":"2023-01-08T01:46:49.753Z","v":0}
{"name":"Log","hostname":"lzmac","pid":53439,"level":30,"msg":"Creating table: members_product_events","time":"2023-01-08T01:46:49.763Z","v":0}
{"name":"Log","hostname":"lzmac","pid":53439,"level":30,"msg":"Creating table: members_paid_subscription_events","time":"2023-01-08T01:46:49.781Z","v":0}
{"name":"Log","hostname":"lzmac","pid":53439,"level":30,"msg":"Creating table: labels","time":"2023-01-08T01:46:49.791Z","v":0}
{"name":"Log","hostname":"lzmac","pid":53439,"level":30,"msg":"Creating table: members_labels","time":"2023-01-08T01:46:49.800Z","v":0}
{"name":"Log","hostname":"lzmac","pid":53439,"level":30,"msg":"Creating table: members_stripe_customers","time":"2023-01-08T01:46:49.813Z","v":0}
{"name":"Log","hostname":"lzmac","pid":53439,"level":30,"msg":"Creating table: members_stripe_customers_subscriptions","time":"2023-01-08T01:46:49.826Z","v":0}
{"name":"Log","hostname":"lzmac","pid":53439,"level":30,"msg":"Creating table: offer_redemptions","time":"2023-01-08T01:46:49.853Z","v":0}
{"name":"Log","hostname":"lzmac","pid":53439,"level":30,"msg":"Creating table: members_subscribe_events","time":"2023-01-08T01:46:49.874Z","v":0}
{"name":"Log","hostname":"lzmac","pid":53439,"level":30,"msg":"Creating table: stripe_products","time":"2023-01-08T01:46:49.889Z","v":0}
{"name":"Log","hostname":"lzmac","pid":53439,"level":30,"msg":"Creating table: stripe_prices","time":"2023-01-08T01:46:49.903Z","v":0}
{"name":"Log","hostname":"lzmac","pid":53439,"level":30,"msg":"Creating table: actions","time":"2023-01-08T01:46:49.917Z","v":0}
{"name":"Log","hostname":"lzmac","pid":53439,"level":30,"msg":"Creating table: emails","time":"2023-01-08T01:46:49.921Z","v":0}
{"name":"Log","hostname":"lzmac","pid":53439,"level":30,"msg":"Creating table: email_batches","time":"2023-01-08T01:46:49.940Z","v":0}
{"name":"Log","hostname":"lzmac","pid":53439,"level":30,"msg":"Creating table: email_recipients","time":"2023-01-08T01:46:49.950Z","v":0}
{"name":"Log","hostname":"lzmac","pid":53439,"level":30,"msg":"Creating table: tokens","time":"2023-01-08T01:46:49.987Z","v":0}
{"name":"Log","hostname":"lzmac","pid":53439,"level":30,"msg":"Creating table: snippets","time":"2023-01-08T01:46:49.994Z","v":0}
{"name":"Log","hostname":"lzmac","pid":53439,"level":30,"msg":"Creating table: custom_theme_settings","time":"2023-01-08T01:46:50.002Z","v":0}
{"name":"Log","hostname":"lzmac","pid":53439,"level":30,"msg":"Creating table: members_newsletters","time":"2023-01-08T01:46:50.006Z","v":0}
{"name":"Log","hostname":"lzmac","pid":53439,"level":30,"msg":"Model: Product","time":"2023-01-08T01:46:51.533Z","v":0}
{"name":"Log","hostname":"lzmac","pid":53439,"level":30,"msg":"Model: Newsletter","time":"2023-01-08T01:46:51.553Z","v":0}
{"name":"Log","hostname":"lzmac","pid":53439,"level":30,"msg":"Model: Tag","time":"2023-01-08T01:46:51.568Z","v":0}
{"name":"Log","hostname":"lzmac","pid":53439,"level":30,"msg":"Model: Permission","time":"2023-01-08T01:46:51.581Z","v":0}
{"name":"Log","hostname":"lzmac","pid":53439,"level":30,"msg":"Model: Post","time":"2023-01-08T01:46:51.994Z","v":0}
{"name":"Log","hostname":"lzmac","pid":53439,"level":30,"msg":"Model: Integration","time":"2023-01-08T01:46:52.222Z","v":0}
{"name":"Log","hostname":"lzmac","pid":53439,"level":30,"msg":"Relation: Role to Permission","time":"2023-01-08T01:46:52.271Z","v":0}
{"name":"Log","hostname":"lzmac","pid":53439,"level":30,"msg":"Relation: Post to Tag","time":"2023-01-08T01:46:52.504Z","v":0}
{"name":"Log","hostname":"lzmac","pid":53439,"level":30,"msg":"Database is in a ready state.","time":"2023-01-08T01:46:52.540Z","v":0}
{"name":"Log","hostname":"lzmac","pid":53439,"level":30,"msg":"Ghost database ready in 3.716s","time":"2023-01-08T01:46:52.543Z","v":0}
{"name":"Log","hostname":"lzmac","pid":53439,"level":30,"msg":"Stripe not configured - skipping migrations","time":"2023-01-08T01:46:53.695Z","v":0}
{"name":"Log","hostname":"lzmac","pid":53439,"level":30,"msg":"Ghost booted in 4.891s","time":"2023-01-08T01:46:53.718Z","v":0}
{"name":"Log","hostname":"lzmac","pid":53439,"level":30,"msg":"Adding offloaded job to the queue","time":"2023-01-08T01:46:53.725Z","v":0}
{"name":"Log","hostname":"lzmac","pid":53439,"level":30,"msg":"Scheduling job update-check at 14 41 5 * * *. Next run on: Sun Jan 08 2023 05:41:14 GMT-0300 (Horário Padrão de Brasília)","time":"2023-01-08T01:46:53.730Z","v":0}
{"name":"Log","hostname":"lzmac","pid":53439,"level":30,"msg":"Ghost URL Service Ready in 5.255s","time":"2023-01-08T01:46:54.084Z","v":0}
{"name":"Log","hostname":"lzmac","pid":53439,"level":30,"req":{"meta":{"requestId":"9cb6be0f-688c-4ad3-af98-515db96b960f","userId":null},"url":"/favicon.ico","method":"GET","originalUrl":"/favicon.ico","params":{},"headers":{"accept":"*/*","user-agent":"Mozilla/5.0 Safari/537.36","host":"ghost.local:5556","connection":"close"},"query":{}},"res":{"_headers":{"x-powered-by":"Express","content-type":"image/x-icon","content-length":15406,"etag":"\"a9c6dbdcdc3ae568f4e0dad92149a0e3\"","cache-control":"public, max-age=86400","vary":"Accept-Encoding"},"statusCode":200,"responseTime":"12ms"},"msg":"","time":"2023-01-08T01:47:18.961Z","v":0}
{"name":"Log","hostname":"lzmac","pid":53439,"level":30,"req":{"meta":{"requestId":"398476f5-8a1a-4b3f-bc28-ac0792ddb239","userId":null},"url":"/","method":"GET","originalUrl":"/","params":{},"headers":{"host":"ghost.local:5556","upgrade-insecure-requests":"1","accept":"text/html,application/xhtml+xml,application/xml;q=0.9,*/*;q=0.8","user-agent":"Mozilla/5.0 (Macintosh; Intel Mac OS X 10_15_7) AppleWebKit/605.1.15 (KHTML, like Gecko) Version/16.2 Safari/605.1.15","accept-language":"pt-BR,pt;q=0.9","accept-encoding":"gzip, deflate","connection":"keep-alive"},"query":{}},"res":{"_headers":{"x-powered-by":"Express","cache-control":"public, max-age=0","content-type":"text/html; charset=utf-8","etag":"W/\"2929-Fo3QYEed8/nhaslVhMbMV1PniR0\"","vary":"Accept-Encoding","content-encoding":"gzip"},"statusCode":200,"responseTime":"5716ms"},"msg":"","time":"2023-01-08T01:47:18.992Z","v":0}
{"name":"Log","hostname":"lzmac","pid":53439,"level":30,"req":{"meta":{"requestId":"54b2b10a-f74f-4d19-9c12-fd8f719bc543","userId":null},"url":"/assets/built/screen.css?v=4e4325dc1e","method":"GET","originalUrl":"/assets/built/screen.css?v=4e4325dc1e","params":{},"headers":{"host":"ghost.local:5556","connection":"keep-alive","accept":"text/css,*/*;q=0.1","user-agent":"Mozilla/5.0 (Macintosh; Intel Mac OS X 10_15_7) AppleWebKit/605.1.15 (KHTML, like Gecko) Version/16.2 Safari/605.1.15","accept-language":"pt-BR,pt;q=0.9","referer":"http://ghost.local:5556/","accept-encoding":"gzip, deflate"},"query":{"v":"4e4325dc1e"}},"res":{"_headers":{"x-powered-by":"Express","accept-ranges":"bytes","cache-control":"public, max-age=0","last-modified":"Sun, 08 Jan 2023 01:21:53 GMT","etag":"W/\"8341-1858ef84723\"","content-type":"text/css; charset=UTF-8","vary":"Accept-Encoding","content-encoding":"gzip"},"statusCode":200,"responseTime":"18ms"},"msg":"","time":"2023-01-08T01:47:19.119Z","v":0}
{"name":"Log","hostname":"lzmac","pid":53439,"level":30,"req":{"meta":{"requestId":"0363989b-35d2-47c6-966d-5ef7f17dbf6b","userId":null},"url":"/assets/built/casper.js?v=4e4325dc1e","method":"GET","originalUrl":"/assets/built/casper.js?v=4e4325dc1e","params":{},"headers":{"host":"ghost.local:5556","connection":"keep-alive","accept":"*/*","user-agent":"Mozilla/5.0 (Macintosh; Intel Mac OS X 10_15_7) AppleWebKit/605.1.15 (KHTML, like Gecko) Version/16.2 Safari/605.1.15","accept-language":"pt-BR,pt;q=0.9","referer":"http://ghost.local:5556/","accept-encoding":"gzip, deflate"},"query":{"v":"4e4325dc1e"}},"res":{"_headers":{"x-powered-by":"Express","accept-ranges":"bytes","cache-control":"public, max-age=0","last-modified":"Sun, 08 Jan 2023 01:21:53 GMT","etag":"W/\"b32-1858ef84722\"","content-type":"application/javascript; charset=UTF-8","vary":"Accept-Encoding","content-encoding":"gzip"},"statusCode":200,"responseTime":"2ms"},"msg":"","time":"2023-01-08T01:47:19.129Z","v":0}
{"name":"Log","hostname":"lzmac","pid":53439,"level":30,"req":{"meta":{"requestId":"9f0f8805-8aa8-4e0a-9f02-fa2281327384","userId":null},"url":"/public/cards.min.js?v=4e4325dc1e","method":"GET","originalUrl":"/public/cards.min.js?v=4e4325dc1e","params":{},"headers":{"host":"ghost.local:5556","connection":"keep-alive","accept":"*/*","user-agent":"Mozilla/5.0 (Macintosh; Intel Mac OS X 10_15_7) AppleWebKit/605.1.15 (KHTML, like Gecko) Version/16.2 Safari/605.1.15","accept-language":"pt-BR,pt;q=0.9","referer":"http://ghost.local:5556/","accept-encoding":"gzip, deflate"},"query":{"v":"4e4325dc1e"}},"res":{"_headers":{"x-powered-by":"Express","content-type":"application/javascript","etag":"\"9e5964261251e02cc1d6dfb44e28481f\"","cache-control":"public, max-age=31536000","vary":"Accept-Encoding","content-encoding":"gzip"},"statusCode":200,"responseTime":"7ms"},"msg":"","time":"2023-01-08T01:47:19.177Z","v":0}
{"name":"Log","hostname":"lzmac","pid":53439,"level":30,"req":{"meta":{"requestId":"feae9572-b696-4f4d-a219-12677ea992df","userId":null},"url":"/public/cards.min.css?v=4e4325dc1e","method":"GET","originalUrl":"/public/cards.min.css?v=4e4325dc1e","params":{},"headers":{"host":"ghost.local:5556","connection":"keep-alive","accept":"text/css,*/*;q=0.1","user-agent":"Mozilla/5.0 (Macintosh; Intel Mac OS X 10_15_7) AppleWebKit/605.1.15 (KHTML, like Gecko) Version/16.2 Safari/605.1.15","accept-language":"pt-BR,pt;q=0.9","referer":"http://ghost.local:5556/","accept-encoding":"gzip, deflate"},"query":{"v":"4e4325dc1e"}},"res":{"_headers":{"x-powered-by":"Express","content-type":"text/css","etag":"\"b9318467f6388557fe2bae29d33a119e\"","cache-control":"public, max-age=31536000","vary":"Accept-Encoding","content-encoding":"gzip"},"statusCode":200,"responseTime":"8ms"},"msg":"","time":"2023-01-08T01:47:19.180Z","v":0}
{"name":"Log","hostname":"lzmac","pid":53439,"level":30,"req":{"meta":{"requestId":"fcbb4538-48e9-43f1-98af-9b5dd39e16b5","userId":null},"url":"/api/member/","method":"GET","originalUrl":"/members/api/member/","params":{},"headers":{"host":"ghost.local:5556","connection":"keep-alive","accept":"*/*","user-agent":"Mozilla/5.0 (Macintosh; Intel Mac OS X 10_15_7) AppleWebKit/605.1.15 (KHTML, like Gecko) Version/16.2 Safari/605.1.15","accept-language":"pt-BR,pt;q=0.9","referer":"http://ghost.local:5556/","accept-encoding":"gzip, deflate"},"query":{}},"res":{"_headers":{"x-powered-by":"Express","cache-control":"no-cache, private, no-store, must-revalidate, max-stale=0, post-check=0, pre-check=0","access-control-allow-origin":"*"},"statusCode":204,"responseTime":"5ms"},"msg":"","time":"2023-01-08T01:47:20.916Z","v":0}
{"name":"Log","hostname":"lzmac","pid":53439,"level":30,"req":{"meta":{"requestId":"4c557c87-e63a-4876-9e00-c4c5ce8030bf","userId":null},"url":"/settings/?key=eebf5f25ae50045f8129d3d220&limit=all","method":"GET","originalUrl":"/ghost/api/content/settings/?key=eebf5f25ae50045f8129d3d220&limit=all","params":{},"headers":{"host":"ghost.local:5556","content-type":"application/json","cookie":"**REDACTED**","connection":"keep-alive","accept":"*/*","user-agent":"Mozilla/5.0 (Macintosh; Intel Mac OS X 10_15_7) AppleWebKit/605.1.15 (KHTML, like Gecko) Version/16.2 Safari/605.1.15","referer":"http://ghost.local:5556/","accept-language":"pt-BR,pt;q=0.9","accept-encoding":"gzip, deflate"},"query":{"key":"**REDACTED**","limit":"all"}},"res":{"_headers":{"x-powered-by":"Express","cache-control":"no-cache, private, no-store, must-revalidate, max-stale=0, post-check=0, pre-check=0","access-control-allow-origin":"*","content-type":"application/json; charset=utf-8","content-length":"1013","etag":"W/\"3f5-yV4h6cnpe41/s9hmpysm5SDIEu4\"","vary":"Accept-Encoding"},"statusCode":200,"responseTime":"82ms"},"msg":"","time":"2023-01-08T01:47:21.008Z","v":0}
{"name":"Log","hostname":"lzmac","pid":53439,"level":30,"req":{"meta":{"requestId":"8cf82e9e-75e2-4099-ad6b-dfb3ed2d02d7","userId":null},"url":"/newsletters/?key=eebf5f25ae50045f8129d3d220&limit=all","method":"GET","originalUrl":"/ghost/api/content/newsletters/?key=eebf5f25ae50045f8129d3d220&limit=all","params":{},"headers":{"host":"ghost.local:5556","content-type":"application/json","cookie":"**REDACTED**","connection":"keep-alive","accept":"*/*","user-agent":"Mozilla/5.0 (Macintosh; Intel Mac OS X 10_15_7) AppleWebKit/605.1.15 (KHTML, like Gecko) Version/16.2 Safari/605.1.15","referer":"http://ghost.local:5556/","accept-language":"pt-BR,pt;q=0.9","accept-encoding":"gzip, deflate"},"query":{"key":"**REDACTED**","limit":"all"}},"res":{"_headers":{"x-powered-by":"Express","cache-control":"no-cache, private, no-store, must-revalidate, max-stale=0, post-check=0, pre-check=0","access-control-allow-origin":"*","content-type":"application/json; charset=utf-8","content-length":"408","etag":"W/\"198-Ci83DmPynatV6Pf7k0K6qE41QEA\"","vary":"Accept-Encoding"},"statusCode":200,"responseTime":"25ms"},"msg":"","time":"2023-01-08T01:47:21.019Z","v":0}
{"name":"Log","hostname":"lzmac","pid":53439,"level":30,"req":{"meta":{"requestId":"2f8c7b48-4066-431e-a291-dfd83ae4d3e6","userId":null},"url":"/tiers/?key=eebf5f25ae50045f8129d3d220&limit=all&include=monthly_price,yearly_price,benefits","method":"GET","originalUrl":"/ghost/api/content/tiers/?key=eebf5f25ae50045f8129d3d220&limit=all&include=monthly_price,yearly_price,benefits","params":{},"headers":{"host":"ghost.local:5556","content-type":"application/json","cookie":"**REDACTED**","connection":"keep-alive","accept":"*/*","user-agent":"Mozilla/5.0 (Macintosh; Intel Mac OS X 10_15_7) AppleWebKit/605.1.15 (KHTML, like Gecko) Version/16.2 Safari/605.1.15","referer":"http://ghost.local:5556/","accept-language":"pt-BR,pt;q=0.9","accept-encoding":"gzip, deflate"},"query":{"key":"**REDACTED**","limit":"all","include":"monthly_price,yearly_price,benefits"}},"res":{"_headers":{"x-powered-by":"Express","cache-control":"no-cache, private, no-store, must-revalidate, max-stale=0, post-check=0, pre-check=0","access-control-allow-origin":"*","content-type":"application/json; charset=utf-8","content-length":"622","etag":"W/\"26e-F5R7LH7zjzzpauFfoxg2COyg7YM\"","vary":"Accept-Encoding"},"statusCode":200,"responseTime":"58ms"},"msg":"","time":"2023-01-08T01:47:21.051Z","v":0}
{"name":"Log","hostname":"lzmac","pid":53439,"level":30,"req":{"meta":{"requestId":"df5389a6-6c4b-4100-a036-c117f934f6c7","userId":null},"url":"/favicon.ico","method":"GET","originalUrl":"/favicon.ico","params":{},"headers":{"host":"ghost.local:5556","connection":"keep-alive","accept":"*/*","user-agent":"Mozilla/5.0 (Macintosh; Intel Mac OS X 10_15_7) AppleWebKit/605.1.15 (KHTML, like Gecko) Version/16.2 Safari/605.1.15","accept-language":"pt-BR,pt;q=0.9","referer":"http://ghost.local:5556/","accept-encoding":"gzip, deflate"},"query":{}},"res":{"_headers":{"x-powered-by":"Express","content-type":"image/x-icon","etag":"\"a9c6dbdcdc3ae568f4e0dad92149a0e3\"","cache-control":"public, max-age=86400","vary":"Accept-Encoding","content-encoding":"gzip"},"statusCode":200,"responseTime":"2ms"},"msg":"","time":"2023-01-08T01:47:22.880Z","v":0}
{"name":"Log","hostname":"lzmac","pid":53439,"level":40,"msg":"Ghost is shutting down","time":"2023-01-08T01:49:30.941Z","v":0}
{"name":"Log","hostname":"lzmac","pid":53439,"level":40,"msg":"Ghost has shut down","time":"2023-01-08T01:49:30.944Z","v":0}
{"name":"Log","hostname":"lzmac","pid":53439,"level":40,"msg":"Ghost was running for 3 minutes","time":"2023-01-08T01:49:30.945Z","v":0}
